To https://github.com/quantum-nebula-dev/bisp-mockups.git
   a34ac03..4574152  master -> master
2026-04-07 17:37:20 — Pushed (5 commits): feat(questionnaire): interactive mockup evaluation framework for BISP website redesign
To https://github.com/quantum-nebula-dev/bisp-mockups.git
   4574152..34cea26  master -> master
2026-04-07 17:46:52 — Pushed (5 commits): refactor: minify CSS and restructure to collapsible side-panel navigation
To https://github.com/quantum-nebula-dev/bisp-mockups.git
   34cea26..0e4214b  master -> master
2026-04-07 18:00:33 — Pushed (5 commits): feat: preview bar system for mockup browsing
To https://github.com/quantum-nebula-dev/bisp-mockups.git
   0e4214b..51ed0bc  master -> master
2026-04-07 18:05:24 — Pushed (5 commits): style: ajustements de layout fullpage et positionnement
To https://github.com/quantum-nebula-dev/bisp-mockups.git
   51ed0bc..8740b00  master -> master
2026-04-07 18:08:42 — Pushed (5 commits): fix(questionnaire): amélioration du système de preview et suppression du formulaire Informations
To https://github.com/quantum-nebula-dev/bisp-mockups.git
   8740b00..12415d6  master -> master
2026-04-07 18:10:17 — Pushed (5 commits): chore: clear school scores and remove score badge
To https://github.com/quantum-nebula-dev/bisp-mockups.git
   dc06e71..38bcdb7  master -> master
2026-04-07 19:13:35 — Pushed (5 commits): feat: Add optional comments to questionnaire ratings
To https://github.com/quantum-nebula-dev/bisp-mockups.git
   93b29bf..65c106f  master -> master
2026-04-07 19:18:09 — Pushed (5 commits): refactor(questionnaire): reformulation des critères et questions d'évaluation
